2024-12-30 06:22:38,541:WARNING:
'cuml' is a soft dependency and not included in the pycaret installation. Please run: `pip install cuml` to install.
2024-12-30 06:22:38,548:WARNING:
'cuml' is a soft dependency and not included in the pycaret installation. Please run: `pip install cuml` to install.
2024-12-30 06:22:38,548:WARNING:
'cuml' is a soft dependency and not included in the pycaret installation. Please run: `pip install cuml` to install.
2024-12-30 06:22:38,548:WARNING:
'cuml' is a soft dependency and not included in the pycaret installation. Please run: `pip install cuml` to install.
2024-12-30 06:25:57,296:INFO:PyCaret RegressionExperiment
2024-12-30 06:25:57,296:INFO:Logging name: reg-default-name
2024-12-30 06:25:57,296:INFO:ML Usecase: MLUsecase.REGRESSION
2024-12-30 06:25:57,296:INFO:version 3.3.2
2024-12-30 06:25:57,296:INFO:Initializing setup()
2024-12-30 06:25:57,296:INFO:self.USI: 7be5
2024-12-30 06:25:57,296:INFO:self._variable_keys: {'target_param', 'exp_name_log', '_available_plots', 'memory', 'fold_groups_param', 'idx', 'X_test', 'html_param', 'data', 'exp_id', 'X_train', 'y_train', 'fold_generator', 'transform_target_param', 'gpu_n_jobs_param', 'pipeline', 'fold_shuffle_param', 'y', 'USI', 'seed', 'X', 'n_jobs_param', 'y_test', 'gpu_param', '_ml_usecase', 'logging_param', 'log_plots_param'}
2024-12-30 06:25:57,296:INFO:Checking environment
2024-12-30 06:25:57,296:INFO:python_version: 3.10.12
2024-12-30 06:25:57,296:INFO:python_build: ('main', 'Nov  6 2024 20:22:13')
2024-12-30 06:25:57,297:INFO:machine: x86_64
2024-12-30 06:25:57,297:INFO:platform: Linux-6.1.85+-x86_64-with-glibc2.35
2024-12-30 06:25:57,302:INFO:Memory: svmem(total=13609431040, available=11595112448, percent=14.8, used=1676877824, free=6229684224, active=956018688, inactive=5942915072, buffers=235003904, cached=5467865088, shared=4214784, slab=364781568)
2024-12-30 06:25:57,305:INFO:Physical Core: 1
2024-12-30 06:25:57,306:INFO:Logical Core: 2
2024-12-30 06:25:57,306:INFO:Checking libraries
2024-12-30 06:25:57,310:INFO:System:
2024-12-30 06:25:57,310:INFO:    python: 3.10.12 (main, Nov  6 2024, 20:22:13) [GCC 11.4.0]
2024-12-30 06:25:57,310:INFO:executable: /usr/bin/python3
2024-12-30 06:25:57,310:INFO:   machine: Linux-6.1.85+-x86_64-with-glibc2.35
2024-12-30 06:25:57,310:INFO:PyCaret required dependencies:
2024-12-30 06:26:00,419:WARNING:/usr/local/lib/python3.10/dist-packages/dask/dataframe/__init__.py:42: FutureWarning: 
Dask dataframe query planning is disabled because dask-expr is not installed.

You can install it with `pip install dask[dataframe]` or `conda install dask`.
This will raise in a future version.

  warnings.warn(msg, FutureWarning)

2024-12-30 06:26:00,847:INFO:                 pip: 24.1.2
2024-12-30 06:26:00,847:INFO:          setuptools: 75.1.0
2024-12-30 06:26:00,847:INFO:             pycaret: 3.3.2
2024-12-30 06:26:00,847:INFO:             IPython: 7.34.0
2024-12-30 06:26:00,847:INFO:          ipywidgets: 7.7.1
2024-12-30 06:26:00,847:INFO:                tqdm: 4.67.1
2024-12-30 06:26:00,847:INFO:               numpy: 1.26.4
2024-12-30 06:26:00,847:INFO:              pandas: 2.1.4
2024-12-30 06:26:00,847:INFO:              jinja2: 3.1.4
2024-12-30 06:26:00,847:INFO:               scipy: 1.11.4
2024-12-30 06:26:00,847:INFO:              joblib: 1.3.2
2024-12-30 06:26:00,847:INFO:             sklearn: 1.4.2
2024-12-30 06:26:00,847:INFO:                pyod: 2.0.3
2024-12-30 06:26:00,847:INFO:            imblearn: 0.12.4
2024-12-30 06:26:00,847:INFO:   category_encoders: 2.6.4
2024-12-30 06:26:00,847:INFO:            lightgbm: 4.5.0
2024-12-30 06:26:00,847:INFO:               numba: 0.60.0
2024-12-30 06:26:00,847:INFO:            requests: 2.32.3
2024-12-30 06:26:00,847:INFO:          matplotlib: 3.7.5
2024-12-30 06:26:00,847:INFO:          scikitplot: 0.3.7
2024-12-30 06:26:00,847:INFO:         yellowbrick: 1.5
2024-12-30 06:26:00,847:INFO:              plotly: 5.24.1
2024-12-30 06:26:00,847:INFO:    plotly-resampler: Not installed
2024-12-30 06:26:00,848:INFO:             kaleido: 1.0.0rc0
2024-12-30 06:26:00,848:INFO:           schemdraw: 0.15
2024-12-30 06:26:00,848:INFO:         statsmodels: 0.14.4
2024-12-30 06:26:00,848:INFO:              sktime: 0.26.0
2024-12-30 06:26:00,848:INFO:               tbats: 1.1.3
2024-12-30 06:26:00,848:INFO:            pmdarima: 2.0.4
2024-12-30 06:26:00,848:INFO:              psutil: 5.9.5
2024-12-30 06:26:00,848:INFO:          markupsafe: 3.0.2
2024-12-30 06:26:00,848:INFO:             pickle5: Not installed
2024-12-30 06:26:00,848:INFO:         cloudpickle: 3.1.0
2024-12-30 06:26:00,848:INFO:         deprecation: 2.1.0
2024-12-30 06:26:00,848:INFO:              xxhash: 3.5.0
2024-12-30 06:26:00,848:INFO:           wurlitzer: 3.1.1
2024-12-30 06:26:00,848:INFO:PyCaret optional dependencies:
2024-12-30 06:26:01,195:INFO:                shap: 0.46.0
2024-12-30 06:26:01,195:INFO:           interpret: Not installed
2024-12-30 06:26:01,195:INFO:                umap: Not installed
2024-12-30 06:26:01,195:INFO:     ydata_profiling: Not installed
2024-12-30 06:26:01,195:INFO:  explainerdashboard: Not installed
2024-12-30 06:26:01,195:INFO:             autoviz: Not installed
2024-12-30 06:26:01,195:INFO:           fairlearn: Not installed
2024-12-30 06:26:01,195:INFO:          deepchecks: Not installed
2024-12-30 06:26:01,195:INFO:             xgboost: 2.1.3
2024-12-30 06:26:01,195:INFO:            catboost: Not installed
2024-12-30 06:26:01,195:INFO:              kmodes: Not installed
2024-12-30 06:26:01,195:INFO:             mlxtend: 0.23.3
2024-12-30 06:26:01,196:INFO:       statsforecast: Not installed
2024-12-30 06:26:01,196:INFO:        tune_sklearn: Not installed
2024-12-30 06:26:01,196:INFO:                 ray: Not installed
2024-12-30 06:26:01,196:INFO:            hyperopt: 0.2.7
2024-12-30 06:26:01,196:INFO:              optuna: Not installed
2024-12-30 06:26:01,196:INFO:               skopt: Not installed
2024-12-30 06:26:01,196:INFO:              mlflow: Not installed
2024-12-30 06:26:01,196:INFO:              gradio: Not installed
2024-12-30 06:26:01,196:INFO:             fastapi: Not installed
2024-12-30 06:26:01,196:INFO:             uvicorn: Not installed
2024-12-30 06:26:01,196:INFO:              m2cgen: Not installed
2024-12-30 06:26:01,196:INFO:           evidently: Not installed
2024-12-30 06:26:01,196:INFO:               fugue: Not installed
2024-12-30 06:26:01,196:INFO:           streamlit: Not installed
2024-12-30 06:26:01,196:INFO:             prophet: 1.1.6
2024-12-30 06:26:01,196:INFO:None
2024-12-30 06:26:01,196:INFO:Set up data.
2024-12-30 06:26:01,205:INFO:Set up folding strategy.
2024-12-30 06:26:01,205:INFO:Set up train/test split.
2024-12-30 06:26:01,215:INFO:Set up index.
2024-12-30 06:26:01,216:INFO:Assigning column types.
2024-12-30 06:26:01,220:INFO:Engine successfully changes for model 'lr' to 'sklearn'.
2024-12-30 06:26:01,221:INFO:Engine for model 'lasso' has not been set explicitly, hence returning None.
2024-12-30 06:26:01,226:INFO:Engine for model 'ridge' has not been set explicitly, hence returning None.
2024-12-30 06:26:01,231:INFO:Engine for model 'en' has not been set explicitly, hence returning None.
2024-12-30 06:26:01,295:INFO:Engine for model 'svm' has not been set explicitly, hence returning None.
2024-12-30 06:26:01,342:INFO:Engine for model 'knn' has not been set explicitly, hence returning None.
2024-12-30 06:26:01,343:INFO:Soft dependency imported: xgboost: 2.1.3
2024-12-30 06:26:01,346:WARNING:
'catboost' is a soft dependency and not included in the pycaret installation. Please run: `pip install catboost` to install.
Alternately, you can install this by running `pip install pycaret[models]`
2024-12-30 06:26:01,346:INFO:Engine for model 'lasso' has not been set explicitly, hence returning None.
2024-12-30 06:26:01,351:INFO:Engine for model 'ridge' has not been set explicitly, hence returning None.
2024-12-30 06:26:01,357:INFO:Engine for model 'en' has not been set explicitly, hence returning None.
2024-12-30 06:26:01,426:INFO:Engine for model 'svm' has not been set explicitly, hence returning None.
2024-12-30 06:26:01,476:INFO:Engine for model 'knn' has not been set explicitly, hence returning None.
2024-12-30 06:26:01,478:INFO:Soft dependency imported: xgboost: 2.1.3
2024-12-30 06:26:01,481:WARNING:
'catboost' is a soft dependency and not included in the pycaret installation. Please run: `pip install catboost` to install.
Alternately, you can install this by running `pip install pycaret[models]`
2024-12-30 06:26:01,481:INFO:Engine successfully changes for model 'lasso' to 'sklearn'.
2024-12-30 06:26:01,487:INFO:Engine for model 'ridge' has not been set explicitly, hence returning None.
2024-12-30 06:26:01,492:INFO:Engine for model 'en' has not been set explicitly, hence returning None.
2024-12-30 06:26:01,564:INFO:Engine for model 'svm' has not been set explicitly, hence returning None.
2024-12-30 06:26:01,613:INFO:Engine for model 'knn' has not been set explicitly, hence returning None.
2024-12-30 06:26:01,614:INFO:Soft dependency imported: xgboost: 2.1.3
2024-12-30 06:26:01,617:WARNING:
'catboost' is a soft dependency and not included in the pycaret installation. Please run: `pip install catboost` to install.
Alternately, you can install this by running `pip install pycaret[models]`
2024-12-30 06:26:01,622:INFO:Engine for model 'ridge' has not been set explicitly, hence returning None.
2024-12-30 06:26:01,627:INFO:Engine for model 'en' has not been set explicitly, hence returning None.
2024-12-30 06:26:01,691:INFO:Engine for model 'svm' has not been set explicitly, hence returning None.
2024-12-30 06:26:01,738:INFO:Engine for model 'knn' has not been set explicitly, hence returning None.
2024-12-30 06:26:01,739:INFO:Soft dependency imported: xgboost: 2.1.3
2024-12-30 06:26:01,742:WARNING:
'catboost' is a soft dependency and not included in the pycaret installation. Please run: `pip install catboost` to install.
Alternately, you can install this by running `pip install pycaret[models]`
2024-12-30 06:26:01,742:INFO:Engine successfully changes for model 'ridge' to 'sklearn'.
2024-12-30 06:26:01,752:INFO:Engine for model 'en' has not been set explicitly, hence returning None.
2024-12-30 06:26:01,815:INFO:Engine for model 'svm' has not been set explicitly, hence returning None.
2024-12-30 06:26:01,863:INFO:Engine for model 'knn' has not been set explicitly, hence returning None.
2024-12-30 06:26:01,864:INFO:Soft dependency imported: xgboost: 2.1.3
2024-12-30 06:26:01,867:WARNING:
'catboost' is a soft dependency and not included in the pycaret installation. Please run: `pip install catboost` to install.
Alternately, you can install this by running `pip install pycaret[models]`
2024-12-30 06:26:01,878:INFO:Engine for model 'en' has not been set explicitly, hence returning None.
2024-12-30 06:26:01,947:INFO:Engine for model 'svm' has not been set explicitly, hence returning None.
2024-12-30 06:26:02,009:INFO:Engine for model 'knn' has not been set explicitly, hence returning None.
2024-12-30 06:26:02,010:INFO:Soft dependency imported: xgboost: 2.1.3
2024-12-30 06:26:02,013:WARNING:
'catboost' is a soft dependency and not included in the pycaret installation. Please run: `pip install catboost` to install.
Alternately, you can install this by running `pip install pycaret[models]`
2024-12-30 06:26:02,014:INFO:Engine successfully changes for model 'en' to 'sklearn'.
2024-12-30 06:26:02,087:INFO:Engine for model 'svm' has not been set explicitly, hence returning None.
2024-12-30 06:26:02,136:INFO:Engine for model 'knn' has not been set explicitly, hence returning None.
2024-12-30 06:26:02,137:INFO:Soft dependency imported: xgboost: 2.1.3
2024-12-30 06:26:02,140:WARNING:
'catboost' is a soft dependency and not included in the pycaret installation. Please run: `pip install catboost` to install.
Alternately, you can install this by running `pip install pycaret[models]`
2024-12-30 06:26:02,219:INFO:Engine for model 'svm' has not been set explicitly, hence returning None.
2024-12-30 06:26:02,272:INFO:Engine for model 'knn' has not been set explicitly, hence returning None.
2024-12-30 06:26:02,273:INFO:Soft dependency imported: xgboost: 2.1.3
2024-12-30 06:26:02,276:WARNING:
'catboost' is a soft dependency and not included in the pycaret installation. Please run: `pip install catboost` to install.
Alternately, you can install this by running `pip install pycaret[models]`
2024-12-30 06:26:02,276:INFO:Engine successfully changes for model 'knn' to 'sklearn'.
2024-12-30 06:26:02,356:INFO:Engine for model 'svm' has not been set explicitly, hence returning None.
2024-12-30 06:26:02,408:INFO:Soft dependency imported: xgboost: 2.1.3
2024-12-30 06:26:02,411:WARNING:
'catboost' is a soft dependency and not included in the pycaret installation. Please run: `pip install catboost` to install.
Alternately, you can install this by running `pip install pycaret[models]`
2024-12-30 06:26:02,486:INFO:Engine for model 'svm' has not been set explicitly, hence returning None.
2024-12-30 06:26:02,535:INFO:Soft dependency imported: xgboost: 2.1.3
2024-12-30 06:26:02,538:WARNING:
'catboost' is a soft dependency and not included in the pycaret installation. Please run: `pip install catboost` to install.
Alternately, you can install this by running `pip install pycaret[models]`
2024-12-30 06:26:02,538:INFO:Engine successfully changes for model 'svm' to 'sklearn'.
2024-12-30 06:26:02,664:INFO:Soft dependency imported: xgboost: 2.1.3
2024-12-30 06:26:02,667:WARNING:
'catboost' is a soft dependency and not included in the pycaret installation. Please run: `pip install catboost` to install.
Alternately, you can install this by running `pip install pycaret[models]`
2024-12-30 06:26:02,804:INFO:Soft dependency imported: xgboost: 2.1.3
2024-12-30 06:26:02,807:WARNING:
'catboost' is a soft dependency and not included in the pycaret installation. Please run: `pip install catboost` to install.
Alternately, you can install this by running `pip install pycaret[models]`
2024-12-30 06:26:02,810:INFO:Preparing preprocessing pipeline...
2024-12-30 06:26:02,810:INFO:Set up simple imputation.
2024-12-30 06:26:02,815:INFO:Set up encoding of ordinal features.
2024-12-30 06:26:02,819:INFO:Set up encoding of categorical features.
2024-12-30 06:26:02,819:INFO:Set up feature normalization.
2024-12-30 06:26:02,936:INFO:Finished creating preprocessing pipeline.
2024-12-30 06:26:02,978:INFO:Pipeline: Pipeline(memory=FastMemory(location=/tmp/joblib),
         steps=[('numerical_imputer',
                 TransformerWrapper(include=['age', 'bmi', 'children'],
                                    transformer=SimpleImputer())),
                ('categorical_imputer',
                 TransformerWrapper(include=['sex', 'smoker', 'region'],
                                    transformer=SimpleImputer(strategy='most_frequent'))),
                ('ordinal_encoding',
                 TransformerWrapper(include=['sex', 'smoker...
                                                                         'data_type': dtype('O'),
                                                                         'mapping': female    0
male      1
NaN      -1
dtype: int64},
                                                                        {'col': 'smoker',
                                                                         'data_type': dtype('O'),
                                                                         'mapping': no     0
yes    1
NaN   -1
dtype: int64}]))),
                ('onehot_encoding',
                 TransformerWrapper(include=['region'],
                                    transformer=OneHotEncoder(cols=['region'],
                                                              handle_missing='return_nan',
                                                              use_cat_names=True))),
                ('normalize',
                 TransformerWrapper(transformer=StandardScaler()))])
2024-12-30 06:26:02,979:INFO:Creating final display dataframe.
2024-12-30 06:26:03,350:INFO:Setup _display_container:                     Description             Value
0                    Session id              7402
1                        Target           charges
2                   Target type        Regression
3           Original data shape         (1338, 7)
4        Transformed data shape        (1338, 10)
5   Transformed train set shape        (1070, 10)
6    Transformed test set shape         (268, 10)
7              Numeric features                 3
8          Categorical features                 3
9                    Preprocess              True
10              Imputation type            simple
11           Numeric imputation              mean
12       Categorical imputation              mode
13     Maximum one-hot encoding                25
14              Encoding method              None
15                    Normalize              True
16             Normalize method            zscore
17               Fold Generator             KFold
18                  Fold Number                10
19                     CPU Jobs                -1
20                      Use GPU             False
21               Log Experiment             False
22              Experiment Name  reg-default-name
23                          USI              7be5
2024-12-30 06:26:03,490:INFO:Soft dependency imported: xgboost: 2.1.3
2024-12-30 06:26:03,493:WARNING:
'catboost' is a soft dependency and not included in the pycaret installation. Please run: `pip install catboost` to install.
Alternately, you can install this by running `pip install pycaret[models]`
2024-12-30 06:26:03,623:INFO:Soft dependency imported: xgboost: 2.1.3
2024-12-30 06:26:03,626:WARNING:
'catboost' is a soft dependency and not included in the pycaret installation. Please run: `pip install catboost` to install.
Alternately, you can install this by running `pip install pycaret[models]`
2024-12-30 06:26:03,627:INFO:setup() successfully completed in 6.33s...............
2024-12-30 06:26:22,832:INFO:Initializing compare_models()
2024-12-30 06:26:22,832:INFO:compare_models(self=<pycaret.regression.oop.RegressionExperiment object at 0x78dfc2330760>, include=None, fold=None, round=4, cross_validation=True, sort=RMSE, n_select=1, budget_time=None, turbo=True, errors=ignore, fit_kwargs=None, groups=None, experiment_custom_tags=None, probability_threshold=None, verbose=True, parallel=None, caller_params={'self': <pycaret.regression.oop.RegressionExperiment object at 0x78dfc2330760>, 'include': None, 'exclude': None, 'fold': None, 'round': 4, 'cross_validation': True, 'sort': 'RMSE', 'n_select': 1, 'budget_time': None, 'turbo': True, 'errors': 'ignore', 'fit_kwargs': None, 'groups': None, 'experiment_custom_tags': None, 'engine': None, 'verbose': True, 'parallel': None, '__class__': <class 'pycaret.regression.oop.RegressionExperiment'>}, exclude=None)
2024-12-30 06:26:22,833:INFO:Checking exceptions
2024-12-30 06:26:22,837:INFO:Preparing display monitor
2024-12-30 06:26:22,940:INFO:Initializing Linear Regression
2024-12-30 06:26:22,940:INFO:Total runtime is 3.806749979654948e-06 minutes
2024-12-30 06:26:22,955:INFO:SubProcess create_model() called ==================================
2024-12-30 06:26:22,955:INFO:Initializing create_model()
2024-12-30 06:26:22,955:INFO:create_model(self=<pycaret.regression.oop.RegressionExperiment object at 0x78dfc2330760>, estimator=lr, fold=KFold(n_splits=10, random_state=None, shuffle=False), round=4, cross_validation=True, predict=True, fit_kwargs={}, groups=None, refit=False, probability_threshold=None, experiment_custom_tags=None, verbose=False, system=False, add_to_model_list=True, metrics=None, display=<pycaret.internal.display.display.CommonDisplay object at 0x78dfbd9999f0>, model_only=True, return_train_score=False, error_score=0.0, kwargs={})
2024-12-30 06:26:22,955:INFO:Checking exceptions
2024-12-30 06:26:22,955:INFO:Importing libraries
2024-12-30 06:26:22,955:INFO:Copying training dataset
2024-12-30 06:26:22,963:INFO:Defining folds
2024-12-30 06:26:22,963:INFO:Declaring metric variables
2024-12-30 06:26:22,976:INFO:Importing untrained model
2024-12-30 06:26:22,990:INFO:Linear Regression Imported successfully
2024-12-30 06:26:23,024:INFO:Starting cross validation
2024-12-30 06:26:23,033:INFO:Cross validating with KFold(n_splits=10, random_state=None, shuffle=False), n_jobs=-1
2024-12-30 06:26:31,470:WARNING:/usr/local/lib/python3.10/dist-packages/dask/dataframe/__init__.py:42: FutureWarning: 
Dask dataframe query planning is disabled because dask-expr is not installed.

You can install it with `pip install dask[dataframe]` or `conda install dask`.
This will raise in a future version.

  warnings.warn(msg, FutureWarning)

2024-12-30 06:26:31,531:WARNING:/usr/local/lib/python3.10/dist-packages/dask/dataframe/__init__.py:42: FutureWarning: 
Dask dataframe query planning is disabled because dask-expr is not installed.

You can install it with `pip install dask[dataframe]` or `conda install dask`.
This will raise in a future version.

  warnings.warn(msg, FutureWarning)

2024-12-30 06:26:32,883:INFO:Calculating mean and std
2024-12-30 06:26:32,893:INFO:Creating metrics dataframe
2024-12-30 06:26:32,899:INFO:Uploading results into container
2024-12-30 06:26:32,900:INFO:Uploading model into container now
2024-12-30 06:26:32,901:INFO:_master_model_container: 1
2024-12-30 06:26:32,901:INFO:_display_container: 2
2024-12-30 06:26:32,901:INFO:LinearRegression(n_jobs=-1)
2024-12-30 06:26:32,901:INFO:create_model() successfully completed......................................
2024-12-30 06:26:33,264:INFO:SubProcess create_model() end ==================================
2024-12-30 06:26:33,264:INFO:Creating metrics dataframe
2024-12-30 06:26:33,279:INFO:Initializing Lasso Regression
2024-12-30 06:26:33,280:INFO:Total runtime is 0.17232455015182496 minutes
2024-12-30 06:26:33,295:INFO:SubProcess create_model() called ==================================
2024-12-30 06:26:33,296:INFO:Initializing create_model()
2024-12-30 06:26:33,297:INFO:create_model(self=<pycaret.regression.oop.RegressionExperiment object at 0x78dfc2330760>, estimator=lasso, fold=KFold(n_splits=10, random_state=None, shuffle=False), round=4, cross_validation=True, predict=True, fit_kwargs={}, groups=None, refit=False, probability_threshold=None, experiment_custom_tags=None, verbose=False, system=False, add_to_model_list=True, metrics=None, display=<pycaret.internal.display.display.CommonDisplay object at 0x78dfbd9999f0>, model_only=True, return_train_score=False, error_score=0.0, kwargs={})
2024-12-30 06:26:33,297:INFO:Checking exceptions
2024-12-30 06:26:33,297:INFO:Importing libraries
2024-12-30 06:26:33,297:INFO:Copying training dataset
2024-12-30 06:26:33,307:INFO:Defining folds
2024-12-30 06:26:33,309:INFO:Declaring metric variables
2024-12-30 06:26:33,325:INFO:Importing untrained model
2024-12-30 06:26:33,340:INFO:Lasso Regression Imported successfully
2024-12-30 06:26:33,370:INFO:Starting cross validation
2024-12-30 06:26:33,374:INFO:Cross validating with KFold(n_splits=10, random_state=None, shuffle=False), n_jobs=-1
2024-12-30 06:26:34,363:INFO:Calculating mean and std
2024-12-30 06:26:34,365:INFO:Creating metrics dataframe
2024-12-30 06:26:34,369:INFO:Uploading results into container
2024-12-30 06:26:34,372:INFO:Uploading model into container now
2024-12-30 06:26:34,373:INFO:_master_model_container: 2
2024-12-30 06:26:34,373:INFO:_display_container: 2
2024-12-30 06:26:34,374:INFO:Lasso(random_state=7402)
2024-12-30 06:26:34,374:INFO:create_model() successfully completed......................................
2024-12-30 06:26:34,647:INFO:SubProcess create_model() end ==================================
2024-12-30 06:26:34,647:INFO:Creating metrics dataframe
2024-12-30 06:26:34,661:INFO:Initializing Ridge Regression
2024-12-30 06:26:34,665:INFO:Total runtime is 0.19540807008743288 minutes
2024-12-30 06:26:34,677:INFO:SubProcess create_model() called ==================================
2024-12-30 06:26:34,678:INFO:Initializing create_model()
2024-12-30 06:26:34,678:INFO:create_model(self=<pycaret.regression.oop.RegressionExperiment object at 0x78dfc2330760>, estimator=ridge, fold=KFold(n_splits=10, random_state=None, shuffle=False), round=4, cross_validation=True, predict=True, fit_kwargs={}, groups=None, refit=False, probability_threshold=None, experiment_custom_tags=None, verbose=False, system=False, add_to_model_list=True, metrics=None, display=<pycaret.internal.display.display.CommonDisplay object at 0x78dfbd9999f0>, model_only=True, return_train_score=False, error_score=0.0, kwargs={})
2024-12-30 06:26:34,678:INFO:Checking exceptions
2024-12-30 06:26:34,679:INFO:Importing libraries
2024-12-30 06:26:34,679:INFO:Copying training dataset
2024-12-30 06:26:34,688:INFO:Defining folds
2024-12-30 06:26:34,690:INFO:Declaring metric variables
2024-12-30 06:26:34,706:INFO:Importing untrained model
2024-12-30 06:26:34,718:INFO:Ridge Regression Imported successfully
2024-12-30 06:26:34,744:INFO:Starting cross validation
2024-12-30 06:26:34,749:INFO:Cross validating with KFold(n_splits=10, random_state=None, shuffle=False), n_jobs=-1
2024-12-30 06:26:35,742:INFO:Calculating mean and std
2024-12-30 06:26:35,744:INFO:Creating metrics dataframe
2024-12-30 06:26:35,753:INFO:Uploading results into container
2024-12-30 06:26:35,754:INFO:Uploading model into container now
2024-12-30 06:26:35,755:INFO:_master_model_container: 3
2024-12-30 06:26:35,755:INFO:_display_container: 2
2024-12-30 06:26:35,755:INFO:Ridge(random_state=7402)
2024-12-30 06:26:35,755:INFO:create_model() successfully completed......................................
2024-12-30 06:26:36,014:INFO:SubProcess create_model() end ==================================
2024-12-30 06:26:36,015:INFO:Creating metrics dataframe
2024-12-30 06:26:36,028:INFO:Initializing Elastic Net
2024-12-30 06:26:36,028:INFO:Total runtime is 0.21813548405965172 minutes
2024-12-30 06:26:36,041:INFO:SubProcess create_model() called ==================================
2024-12-30 06:26:36,042:INFO:Initializing create_model()
2024-12-30 06:26:36,043:INFO:create_model(self=<pycaret.regression.oop.RegressionExperiment object at 0x78dfc2330760>, estimator=en, fold=KFold(n_splits=10, random_state=None, shuffle=False), round=4, cross_validation=True, predict=True, fit_kwargs={}, groups=None, refit=False, probability_threshold=None, experiment_custom_tags=None, verbose=False, system=False, add_to_model_list=True, metrics=None, display=<pycaret.internal.display.display.CommonDisplay object at 0x78dfbd9999f0>, model_only=True, return_train_score=False, error_score=0.0, kwargs={})
2024-12-30 06:26:36,043:INFO:Checking exceptions
2024-12-30 06:26:36,043:INFO:Importing libraries
2024-12-30 06:26:36,043:INFO:Copying training dataset
2024-12-30 06:26:36,054:INFO:Defining folds
2024-12-30 06:26:36,055:INFO:Declaring metric variables
2024-12-30 06:26:36,072:INFO:Importing untrained model
2024-12-30 06:26:36,085:INFO:Elastic Net Imported successfully
2024-12-30 06:26:36,114:INFO:Starting cross validation
2024-12-30 06:26:36,119:INFO:Cross validating with KFold(n_splits=10, random_state=None, shuffle=False), n_jobs=-1
2024-12-30 06:26:37,114:INFO:Calculating mean and std
2024-12-30 06:26:37,118:INFO:Creating metrics dataframe
2024-12-30 06:26:37,125:INFO:Uploading results into container
2024-12-30 06:26:37,127:INFO:Uploading model into container now
2024-12-30 06:26:37,128:INFO:_master_model_container: 4
2024-12-30 06:26:37,128:INFO:_display_container: 2
2024-12-30 06:26:37,128:INFO:ElasticNet(random_state=7402)
2024-12-30 06:26:37,129:INFO:create_model() successfully completed......................................
2024-12-30 06:26:37,408:INFO:SubProcess create_model() end ==================================
2024-12-30 06:26:37,408:INFO:Creating metrics dataframe
2024-12-30 06:26:37,422:INFO:Initializing Least Angle Regression
2024-12-30 06:26:37,423:INFO:Total runtime is 0.24137623707453412 minutes
2024-12-30 06:26:37,438:INFO:SubProcess create_model() called ==================================
2024-12-30 06:26:37,439:INFO:Initializing create_model()
2024-12-30 06:26:37,439:INFO:create_model(self=<pycaret.regression.oop.RegressionExperiment object at 0x78dfc2330760>, estimator=lar, fold=KFold(n_splits=10, random_state=None, shuffle=False), round=4, cross_validation=True, predict=True, fit_kwargs={}, groups=None, refit=False, probability_threshold=None, experiment_custom_tags=None, verbose=False, system=False, add_to_model_list=True, metrics=None, display=<pycaret.internal.display.display.CommonDisplay object at 0x78dfbd9999f0>, model_only=True, return_train_score=False, error_score=0.0, kwargs={})
2024-12-30 06:26:37,439:INFO:Checking exceptions
2024-12-30 06:26:37,439:INFO:Importing libraries
2024-12-30 06:26:37,439:INFO:Copying training dataset
2024-12-30 06:26:37,450:INFO:Defining folds
2024-12-30 06:26:37,451:INFO:Declaring metric variables
2024-12-30 06:26:37,464:INFO:Importing untrained model
2024-12-30 06:26:37,482:INFO:Least Angle Regression Imported successfully
2024-12-30 06:26:37,507:INFO:Starting cross validation
2024-12-30 06:26:37,510:INFO:Cross validating with KFold(n_splits=10, random_state=None, shuffle=False), n_jobs=-1
2024-12-30 06:26:38,528:INFO:Calculating mean and std
2024-12-30 06:26:38,530:INFO:Creating metrics dataframe
2024-12-30 06:26:38,536:INFO:Uploading results into container
2024-12-30 06:26:38,537:INFO:Uploading model into container now
2024-12-30 06:26:38,538:INFO:_master_model_container: 5
2024-12-30 06:26:38,538:INFO:_display_container: 2
2024-12-30 06:26:38,539:INFO:Lars(random_state=7402)
2024-12-30 06:26:38,539:INFO:create_model() successfully completed......................................
2024-12-30 06:26:38,875:INFO:SubProcess create_model() end ==================================
2024-12-30 06:26:38,876:INFO:Creating metrics dataframe
2024-12-30 06:26:38,921:INFO:Initializing Lasso Least Angle Regression
2024-12-30 06:26:38,923:INFO:Total runtime is 0.2663787841796875 minutes
2024-12-30 06:26:38,951:INFO:SubProcess create_model() called ==================================
2024-12-30 06:26:38,952:INFO:Initializing create_model()
2024-12-30 06:26:38,952:INFO:create_model(self=<pycaret.regression.oop.RegressionExperiment object at 0x78dfc2330760>, estimator=llar, fold=KFold(n_splits=10, random_state=None, shuffle=False), round=4, cross_validation=True, predict=True, fit_kwargs={}, groups=None, refit=False, probability_threshold=None, experiment_custom_tags=None, verbose=False, system=False, add_to_model_list=True, metrics=None, display=<pycaret.internal.display.display.CommonDisplay object at 0x78dfbd9999f0>, model_only=True, return_train_score=False, error_score=0.0, kwargs={})
2024-12-30 06:26:38,952:INFO:Checking exceptions
2024-12-30 06:26:38,954:INFO:Importing libraries
2024-12-30 06:26:38,954:INFO:Copying training dataset
2024-12-30 06:26:38,978:INFO:Defining folds
2024-12-30 06:26:38,978:INFO:Declaring metric variables
2024-12-30 06:26:38,997:INFO:Importing untrained model
2024-12-30 06:26:39,020:INFO:Lasso Least Angle Regression Imported successfully
2024-12-30 06:26:39,072:INFO:Starting cross validation
2024-12-30 06:26:39,077:INFO:Cross validating with KFold(n_splits=10, random_state=None, shuffle=False), n_jobs=-1
2024-12-30 06:26:41,820:INFO:Calculating mean and std
2024-12-30 06:26:41,824:INFO:Creating metrics dataframe
2024-12-30 06:26:41,829:INFO:Uploading results into container
2024-12-30 06:26:41,830:INFO:Uploading model into container now
2024-12-30 06:26:41,831:INFO:_master_model_container: 6
2024-12-30 06:26:41,831:INFO:_display_container: 2
2024-12-30 06:26:41,836:INFO:LassoLars(random_state=7402)
2024-12-30 06:26:41,836:INFO:create_model() successfully completed......................................
2024-12-30 06:26:42,300:INFO:SubProcess create_model() end ==================================
2024-12-30 06:26:42,301:INFO:Creating metrics dataframe
2024-12-30 06:26:42,319:INFO:Initializing Orthogonal Matching Pursuit
2024-12-30 06:26:42,319:INFO:Total runtime is 0.3229885300000509 minutes
2024-12-30 06:26:42,337:INFO:SubProcess create_model() called ==================================
2024-12-30 06:26:42,338:INFO:Initializing create_model()
2024-12-30 06:26:42,338:INFO:create_model(self=<pycaret.regression.oop.RegressionExperiment object at 0x78dfc2330760>, estimator=omp, fold=KFold(n_splits=10, random_state=None, shuffle=False), round=4, cross_validation=True, predict=True, fit_kwargs={}, groups=None, refit=False, probability_threshold=None, experiment_custom_tags=None, verbose=False, system=False, add_to_model_list=True, metrics=None, display=<pycaret.internal.display.display.CommonDisplay object at 0x78dfbd9999f0>, model_only=True, return_train_score=False, error_score=0.0, kwargs={})
2024-12-30 06:26:42,338:INFO:Checking exceptions
2024-12-30 06:26:42,338:INFO:Importing libraries
2024-12-30 06:26:42,338:INFO:Copying training dataset
2024-12-30 06:26:42,351:INFO:Defining folds
2024-12-30 06:26:42,351:INFO:Declaring metric variables
2024-12-30 06:26:42,369:INFO:Importing untrained model
2024-12-30 06:26:42,386:INFO:Orthogonal Matching Pursuit Imported successfully
2024-12-30 06:26:42,468:INFO:Starting cross validation
2024-12-30 06:26:42,475:INFO:Cross validating with KFold(n_splits=10, random_state=None, shuffle=False), n_jobs=-1
2024-12-30 06:26:45,302:INFO:Calculating mean and std
2024-12-30 06:26:45,324:INFO:Creating metrics dataframe
2024-12-30 06:26:45,332:INFO:Uploading results into container
2024-12-30 06:26:45,333:INFO:Uploading model into container now
2024-12-30 06:26:45,334:INFO:_master_model_container: 7
2024-12-30 06:26:45,334:INFO:_display_container: 2
2024-12-30 06:26:45,335:INFO:OrthogonalMatchingPursuit()
2024-12-30 06:26:45,335:INFO:create_model() successfully completed......................................
2024-12-30 06:26:45,612:INFO:SubProcess create_model() end ==================================
2024-12-30 06:26:45,614:INFO:Creating metrics dataframe
2024-12-30 06:26:45,629:INFO:Initializing Bayesian Ridge
2024-12-30 06:26:45,632:INFO:Total runtime is 0.3781949440638225 minutes
2024-12-30 06:26:45,647:INFO:SubProcess create_model() called ==================================
2024-12-30 06:26:45,648:INFO:Initializing create_model()
2024-12-30 06:26:45,648:INFO:create_model(self=<pycaret.regression.oop.RegressionExperiment object at 0x78dfc2330760>, estimator=br, fold=KFold(n_splits=10, random_state=None, shuffle=False), round=4, cross_validation=True, predict=True, fit_kwargs={}, groups=None, refit=False, probability_threshold=None, experiment_custom_tags=None, verbose=False, system=False, add_to_model_list=True, metrics=None, display=<pycaret.internal.display.display.CommonDisplay object at 0x78dfbd9999f0>, model_only=True, return_train_score=False, error_score=0.0, kwargs={})
2024-12-30 06:26:45,648:INFO:Checking exceptions
2024-12-30 06:26:45,648:INFO:Importing libraries
2024-12-30 06:26:45,648:INFO:Copying training dataset
2024-12-30 06:26:45,661:INFO:Defining folds
2024-12-30 06:26:45,662:INFO:Declaring metric variables
2024-12-30 06:26:45,679:INFO:Importing untrained model
2024-12-30 06:26:45,697:INFO:Bayesian Ridge Imported successfully
2024-12-30 06:26:45,724:INFO:Starting cross validation
2024-12-30 06:26:45,728:INFO:Cross validating with KFold(n_splits=10, random_state=None, shuffle=False), n_jobs=-1
2024-12-30 06:26:46,725:INFO:Calculating mean and std
2024-12-30 06:26:46,727:INFO:Creating metrics dataframe
2024-12-30 06:26:46,736:INFO:Uploading results into container
2024-12-30 06:26:46,737:INFO:Uploading model into container now
2024-12-30 06:26:46,738:INFO:_master_model_container: 8
2024-12-30 06:26:46,738:INFO:_display_container: 2
2024-12-30 06:26:46,739:INFO:BayesianRidge()
2024-12-30 06:26:46,739:INFO:create_model() successfully completed......................................
2024-12-30 06:26:47,013:INFO:SubProcess create_model() end ==================================
2024-12-30 06:26:47,014:INFO:Creating metrics dataframe
2024-12-30 06:26:47,031:INFO:Initializing Passive Aggressive Regressor
2024-12-30 06:26:47,032:INFO:Total runtime is 0.4015343308448792 minutes
2024-12-30 06:26:47,046:INFO:SubProcess create_model() called ==================================
2024-12-30 06:26:47,048:INFO:Initializing create_model()
2024-12-30 06:26:47,048:INFO:create_model(self=<pycaret.regression.oop.RegressionExperiment object at 0x78dfc2330760>, estimator=par, fold=KFold(n_splits=10, random_state=None, shuffle=False), round=4, cross_validation=True, predict=True, fit_kwargs={}, groups=None, refit=False, probability_threshold=None, experiment_custom_tags=None, verbose=False, system=False, add_to_model_list=True, metrics=None, display=<pycaret.internal.display.display.CommonDisplay object at 0x78dfbd9999f0>, model_only=True, return_train_score=False, error_score=0.0, kwargs={})
2024-12-30 06:26:47,048:INFO:Checking exceptions
2024-12-30 06:26:47,048:INFO:Importing libraries
2024-12-30 06:26:47,048:INFO:Copying training dataset
2024-12-30 06:26:47,061:INFO:Defining folds
2024-12-30 06:26:47,062:INFO:Declaring metric variables
2024-12-30 06:26:47,083:INFO:Importing untrained model
2024-12-30 06:26:47,099:INFO:Passive Aggressive Regressor Imported successfully
2024-12-30 06:26:47,129:INFO:Starting cross validation
2024-12-30 06:26:47,132:INFO:Cross validating with KFold(n_splits=10, random_state=None, shuffle=False), n_jobs=-1
2024-12-30 06:26:48,198:INFO:Calculating mean and std
2024-12-30 06:26:48,200:INFO:Creating metrics dataframe
2024-12-30 06:26:48,204:INFO:Uploading results into container
2024-12-30 06:26:48,210:INFO:Uploading model into container now
2024-12-30 06:26:48,211:INFO:_master_model_container: 9
2024-12-30 06:26:48,211:INFO:_display_container: 2
2024-12-30 06:26:48,212:INFO:PassiveAggressiveRegressor(random_state=7402)
2024-12-30 06:26:48,213:INFO:create_model() successfully completed......................................
2024-12-30 06:26:48,479:INFO:SubProcess create_model() end ==================================
2024-12-30 06:26:48,480:INFO:Creating metrics dataframe
2024-12-30 06:26:48,495:INFO:Initializing Huber Regressor
2024-12-30 06:26:48,495:INFO:Total runtime is 0.42591694593429574 minutes
2024-12-30 06:26:48,510:INFO:SubProcess create_model() called ==================================
2024-12-30 06:26:48,511:INFO:Initializing create_model()
2024-12-30 06:26:48,512:INFO:create_model(self=<pycaret.regression.oop.RegressionExperiment object at 0x78dfc2330760>, estimator=huber, fold=KFold(n_splits=10, random_state=None, shuffle=False), round=4, cross_validation=True, predict=True, fit_kwargs={}, groups=None, refit=False, probability_threshold=None, experiment_custom_tags=None, verbose=False, system=False, add_to_model_list=True, metrics=None, display=<pycaret.internal.display.display.CommonDisplay object at 0x78dfbd9999f0>, model_only=True, return_train_score=False, error_score=0.0, kwargs={})
2024-12-30 06:26:48,512:INFO:Checking exceptions
2024-12-30 06:26:48,512:INFO:Importing libraries
2024-12-30 06:26:48,512:INFO:Copying training dataset
2024-12-30 06:26:48,523:INFO:Defining folds
2024-12-30 06:26:48,523:INFO:Declaring metric variables
2024-12-30 06:26:48,543:INFO:Importing untrained model
2024-12-30 06:26:48,557:INFO:Huber Regressor Imported successfully
2024-12-30 06:26:48,583:INFO:Starting cross validation
2024-12-30 06:26:48,587:INFO:Cross validating with KFold(n_splits=10, random_state=None, shuffle=False), n_jobs=-1
2024-12-30 06:26:49,680:INFO:Calculating mean and std
2024-12-30 06:26:49,682:INFO:Creating metrics dataframe
2024-12-30 06:26:49,688:INFO:Uploading results into container
2024-12-30 06:26:49,693:INFO:Uploading model into container now
2024-12-30 06:26:49,696:INFO:_master_model_container: 10
2024-12-30 06:26:49,696:INFO:_display_container: 2
2024-12-30 06:26:49,697:INFO:HuberRegressor()
2024-12-30 06:26:49,697:INFO:create_model() successfully completed......................................
2024-12-30 06:26:49,968:INFO:SubProcess create_model() end ==================================
2024-12-30 06:26:49,969:INFO:Creating metrics dataframe
2024-12-30 06:26:49,991:INFO:Initializing K Neighbors Regressor
2024-12-30 06:26:49,991:INFO:Total runtime is 0.45084726810455333 minutes
2024-12-30 06:26:50,006:INFO:SubProcess create_model() called ==================================
2024-12-30 06:26:50,006:INFO:Initializing create_model()
2024-12-30 06:26:50,006:INFO:create_model(self=<pycaret.regression.oop.RegressionExperiment object at 0x78dfc2330760>, estimator=knn, fold=KFold(n_splits=10, random_state=None, shuffle=False), round=4, cross_validation=True, predict=True, fit_kwargs={}, groups=None, refit=False, probability_threshold=None, experiment_custom_tags=None, verbose=False, system=False, add_to_model_list=True, metrics=None, display=<pycaret.internal.display.display.CommonDisplay object at 0x78dfbd9999f0>, model_only=True, return_train_score=False, error_score=0.0, kwargs={})
2024-12-30 06:26:50,007:INFO:Checking exceptions
2024-12-30 06:26:50,007:INFO:Importing libraries
2024-12-30 06:26:50,007:INFO:Copying training dataset
2024-12-30 06:26:50,018:INFO:Defining folds
2024-12-30 06:26:50,019:INFO:Declaring metric variables
2024-12-30 06:26:50,040:INFO:Importing untrained model
2024-12-30 06:26:50,060:INFO:K Neighbors Regressor Imported successfully
2024-12-30 06:26:50,090:INFO:Starting cross validation
2024-12-30 06:26:50,095:INFO:Cross validating with KFold(n_splits=10, random_state=None, shuffle=False), n_jobs=-1
2024-12-30 06:26:51,450:INFO:Calculating mean and std
2024-12-30 06:26:51,452:INFO:Creating metrics dataframe
2024-12-30 06:26:51,456:INFO:Uploading results into container
2024-12-30 06:26:51,458:INFO:Uploading model into container now
2024-12-30 06:26:51,459:INFO:_master_model_container: 11
2024-12-30 06:26:51,459:INFO:_display_container: 2
2024-12-30 06:26:51,460:INFO:KNeighborsRegressor(n_jobs=-1)
2024-12-30 06:26:51,460:INFO:create_model() successfully completed......................................
2024-12-30 06:26:51,785:INFO:SubProcess create_model() end ==================================
2024-12-30 06:26:51,785:INFO:Creating metrics dataframe
2024-12-30 06:26:51,808:INFO:Initializing Decision Tree Regressor
2024-12-30 06:26:51,808:INFO:Total runtime is 0.48113344510396333 minutes
2024-12-30 06:26:51,827:INFO:SubProcess create_model() called ==================================
2024-12-30 06:26:51,828:INFO:Initializing create_model()
2024-12-30 06:26:51,828:INFO:create_model(self=<pycaret.regression.oop.RegressionExperiment object at 0x78dfc2330760>, estimator=dt, fold=KFold(n_splits=10, random_state=None, shuffle=False), round=4, cross_validation=True, predict=True, fit_kwargs={}, groups=None, refit=False, probability_threshold=None, experiment_custom_tags=None, verbose=False, system=False, add_to_model_list=True, metrics=None, display=<pycaret.internal.display.display.CommonDisplay object at 0x78dfbd9999f0>, model_only=True, return_train_score=False, error_score=0.0, kwargs={})
2024-12-30 06:26:51,828:INFO:Checking exceptions
2024-12-30 06:26:51,828:INFO:Importing libraries
2024-12-30 06:26:51,828:INFO:Copying training dataset
2024-12-30 06:26:51,847:INFO:Defining folds
2024-12-30 06:26:51,848:INFO:Declaring metric variables
2024-12-30 06:26:51,864:INFO:Importing untrained model
2024-12-30 06:26:51,880:INFO:Decision Tree Regressor Imported successfully
2024-12-30 06:26:51,910:INFO:Starting cross validation
2024-12-30 06:26:51,917:INFO:Cross validating with KFold(n_splits=10, random_state=None, shuffle=False), n_jobs=-1
2024-12-30 06:26:53,441:INFO:Calculating mean and std
2024-12-30 06:26:53,443:INFO:Creating metrics dataframe
2024-12-30 06:26:53,454:INFO:Uploading results into container
2024-12-30 06:26:53,456:INFO:Uploading model into container now
2024-12-30 06:26:53,457:INFO:_master_model_container: 12
2024-12-30 06:26:53,457:INFO:_display_container: 2
2024-12-30 06:26:53,457:INFO:DecisionTreeRegressor(random_state=7402)
2024-12-30 06:26:53,458:INFO:create_model() successfully completed......................................
2024-12-30 06:26:53,728:INFO:SubProcess create_model() end ==================================
2024-12-30 06:26:53,729:INFO:Creating metrics dataframe
2024-12-30 06:26:53,745:INFO:Initializing Random Forest Regressor
2024-12-30 06:26:53,745:INFO:Total runtime is 0.5134160955746969 minutes
2024-12-30 06:26:53,763:INFO:SubProcess create_model() called ==================================
2024-12-30 06:26:53,763:INFO:Initializing create_model()
2024-12-30 06:26:53,764:INFO:create_model(self=<pycaret.regression.oop.RegressionExperiment object at 0x78dfc2330760>, estimator=rf, fold=KFold(n_splits=10, random_state=None, shuffle=False), round=4, cross_validation=True, predict=True, fit_kwargs={}, groups=None, refit=False, probability_threshold=None, experiment_custom_tags=None, verbose=False, system=False, add_to_model_list=True, metrics=None, display=<pycaret.internal.display.display.CommonDisplay object at 0x78dfbd9999f0>, model_only=True, return_train_score=False, error_score=0.0, kwargs={})
2024-12-30 06:26:53,764:INFO:Checking exceptions
2024-12-30 06:26:53,764:INFO:Importing libraries
2024-12-30 06:26:53,765:INFO:Copying training dataset
2024-12-30 06:26:53,774:INFO:Defining folds
2024-12-30 06:26:53,774:INFO:Declaring metric variables
2024-12-30 06:26:53,791:INFO:Importing untrained model
2024-12-30 06:26:53,804:INFO:Random Forest Regressor Imported successfully
2024-12-30 06:26:53,829:INFO:Starting cross validation
2024-12-30 06:26:53,832:INFO:Cross validating with KFold(n_splits=10, random_state=None, shuffle=False), n_jobs=-1
2024-12-30 06:27:02,468:INFO:Calculating mean and std
2024-12-30 06:27:02,485:INFO:Creating metrics dataframe
2024-12-30 06:27:02,491:INFO:Uploading results into container
2024-12-30 06:27:02,493:INFO:Uploading model into container now
2024-12-30 06:27:02,494:INFO:_master_model_container: 13
2024-12-30 06:27:02,494:INFO:_display_container: 2
2024-12-30 06:27:02,495:INFO:RandomForestRegressor(n_jobs=-1, random_state=7402)
2024-12-30 06:27:02,495:INFO:create_model() successfully completed......................................
2024-12-30 06:27:02,883:INFO:SubProcess create_model() end ==================================
2024-12-30 06:27:02,884:INFO:Creating metrics dataframe
2024-12-30 06:27:02,910:INFO:Initializing Extra Trees Regressor
2024-12-30 06:27:02,911:INFO:Total runtime is 0.6661751667658489 minutes
2024-12-30 06:27:02,928:INFO:SubProcess create_model() called ==================================
2024-12-30 06:27:02,929:INFO:Initializing create_model()
2024-12-30 06:27:02,929:INFO:create_model(self=<pycaret.regression.oop.RegressionExperiment object at 0x78dfc2330760>, estimator=et, fold=KFold(n_splits=10, random_state=None, shuffle=False), round=4, cross_validation=True, predict=True, fit_kwargs={}, groups=None, refit=False, probability_threshold=None, experiment_custom_tags=None, verbose=False, system=False, add_to_model_list=True, metrics=None, display=<pycaret.internal.display.display.CommonDisplay object at 0x78dfbd9999f0>, model_only=True, return_train_score=False, error_score=0.0, kwargs={})
2024-12-30 06:27:02,929:INFO:Checking exceptions
2024-12-30 06:27:02,929:INFO:Importing libraries
2024-12-30 06:27:02,929:INFO:Copying training dataset
2024-12-30 06:27:02,942:INFO:Defining folds
2024-12-30 06:27:02,942:INFO:Declaring metric variables
2024-12-30 06:27:02,959:INFO:Importing untrained model
2024-12-30 06:27:02,977:INFO:Extra Trees Regressor Imported successfully
2024-12-30 06:27:03,012:INFO:Starting cross validation
2024-12-30 06:27:03,016:INFO:Cross validating with KFold(n_splits=10, random_state=None, shuffle=False), n_jobs=-1
2024-12-30 06:27:08,721:INFO:Calculating mean and std
2024-12-30 06:27:08,732:INFO:Creating metrics dataframe
2024-12-30 06:27:08,764:INFO:Uploading results into container
2024-12-30 06:27:08,770:INFO:Uploading model into container now
2024-12-30 06:27:08,775:INFO:_master_model_container: 14
2024-12-30 06:27:08,777:INFO:_display_container: 2
2024-12-30 06:27:08,780:INFO:ExtraTreesRegressor(n_jobs=-1, random_state=7402)
2024-12-30 06:27:08,781:INFO:create_model() successfully completed......................................
2024-12-30 06:27:09,346:INFO:SubProcess create_model() end ==================================
2024-12-30 06:27:09,346:INFO:Creating metrics dataframe
2024-12-30 06:27:09,382:INFO:Initializing AdaBoost Regressor
2024-12-30 06:27:09,382:INFO:Total runtime is 0.7740281621615093 minutes
2024-12-30 06:27:09,408:INFO:SubProcess create_model() called ==================================
2024-12-30 06:27:09,409:INFO:Initializing create_model()
2024-12-30 06:27:09,409:INFO:create_model(self=<pycaret.regression.oop.RegressionExperiment object at 0x78dfc2330760>, estimator=ada, fold=KFold(n_splits=10, random_state=None, shuffle=False), round=4, cross_validation=True, predict=True, fit_kwargs={}, groups=None, refit=False, probability_threshold=None, experiment_custom_tags=None, verbose=False, system=False, add_to_model_list=True, metrics=None, display=<pycaret.internal.display.display.CommonDisplay object at 0x78dfbd9999f0>, model_only=True, return_train_score=False, error_score=0.0, kwargs={})
2024-12-30 06:27:09,409:INFO:Checking exceptions
2024-12-30 06:27:09,409:INFO:Importing libraries
2024-12-30 06:27:09,410:INFO:Copying training dataset
2024-12-30 06:27:09,440:INFO:Defining folds
2024-12-30 06:27:09,440:INFO:Declaring metric variables
2024-12-30 06:27:09,466:INFO:Importing untrained model
2024-12-30 06:27:09,524:INFO:AdaBoost Regressor Imported successfully
2024-12-30 06:27:09,572:INFO:Starting cross validation
2024-12-30 06:27:09,585:INFO:Cross validating with KFold(n_splits=10, random_state=None, shuffle=False), n_jobs=-1
2024-12-30 06:27:11,865:INFO:Calculating mean and std
2024-12-30 06:27:11,869:INFO:Creating metrics dataframe
2024-12-30 06:27:11,874:INFO:Uploading results into container
2024-12-30 06:27:11,875:INFO:Uploading model into container now
2024-12-30 06:27:11,879:INFO:_master_model_container: 15
2024-12-30 06:27:11,879:INFO:_display_container: 2
2024-12-30 06:27:11,880:INFO:AdaBoostRegressor(random_state=7402)
2024-12-30 06:27:11,880:INFO:create_model() successfully completed......................................
2024-12-30 06:27:12,237:INFO:SubProcess create_model() end ==================================
2024-12-30 06:27:12,237:INFO:Creating metrics dataframe
2024-12-30 06:27:12,266:INFO:Initializing Gradient Boosting Regressor
2024-12-30 06:27:12,266:INFO:Total runtime is 0.8220966259638469 minutes
2024-12-30 06:27:12,287:INFO:SubProcess create_model() called ==================================
2024-12-30 06:27:12,288:INFO:Initializing create_model()
2024-12-30 06:27:12,288:INFO:create_model(self=<pycaret.regression.oop.RegressionExperiment object at 0x78dfc2330760>, estimator=gbr, fold=KFold(n_splits=10, random_state=None, shuffle=False), round=4, cross_validation=True, predict=True, fit_kwargs={}, groups=None, refit=False, probability_threshold=None, experiment_custom_tags=None, verbose=False, system=False, add_to_model_list=True, metrics=None, display=<pycaret.internal.display.display.CommonDisplay object at 0x78dfbd9999f0>, model_only=True, return_train_score=False, error_score=0.0, kwargs={})
2024-12-30 06:27:12,288:INFO:Checking exceptions
2024-12-30 06:27:12,288:INFO:Importing libraries
2024-12-30 06:27:12,289:INFO:Copying training dataset
2024-12-30 06:27:12,303:INFO:Defining folds
2024-12-30 06:27:12,303:INFO:Declaring metric variables
2024-12-30 06:27:12,322:INFO:Importing untrained model
2024-12-30 06:27:12,338:INFO:Gradient Boosting Regressor Imported successfully
2024-12-30 06:27:12,371:INFO:Starting cross validation
2024-12-30 06:27:12,375:INFO:Cross validating with KFold(n_splits=10, random_state=None, shuffle=False), n_jobs=-1
2024-12-30 06:27:17,749:INFO:Calculating mean and std
2024-12-30 06:27:17,755:INFO:Creating metrics dataframe
2024-12-30 06:27:17,765:INFO:Uploading results into container
2024-12-30 06:27:17,771:INFO:Uploading model into container now
2024-12-30 06:27:17,772:INFO:_master_model_container: 16
2024-12-30 06:27:17,772:INFO:_display_container: 2
2024-12-30 06:27:17,773:INFO:GradientBoostingRegressor(random_state=7402)
2024-12-30 06:27:17,776:INFO:create_model() successfully completed......................................
2024-12-30 06:27:18,135:INFO:SubProcess create_model() end ==================================
2024-12-30 06:27:18,136:INFO:Creating metrics dataframe
2024-12-30 06:27:18,152:INFO:Initializing Extreme Gradient Boosting
2024-12-30 06:27:18,153:INFO:Total runtime is 0.920215932528178 minutes
2024-12-30 06:27:18,172:INFO:SubProcess create_model() called ==================================
2024-12-30 06:27:18,173:INFO:Initializing create_model()
2024-12-30 06:27:18,173:INFO:create_model(self=<pycaret.regression.oop.RegressionExperiment object at 0x78dfc2330760>, estimator=xgboost, fold=KFold(n_splits=10, random_state=None, shuffle=False), round=4, cross_validation=True, predict=True, fit_kwargs={}, groups=None, refit=False, probability_threshold=None, experiment_custom_tags=None, verbose=False, system=False, add_to_model_list=True, metrics=None, display=<pycaret.internal.display.display.CommonDisplay object at 0x78dfbd9999f0>, model_only=True, return_train_score=False, error_score=0.0, kwargs={})
2024-12-30 06:27:18,173:INFO:Checking exceptions
2024-12-30 06:27:18,173:INFO:Importing libraries
2024-12-30 06:27:18,173:INFO:Copying training dataset
2024-12-30 06:27:18,183:INFO:Defining folds
2024-12-30 06:27:18,184:INFO:Declaring metric variables
2024-12-30 06:27:18,202:INFO:Importing untrained model
2024-12-30 06:27:18,218:INFO:Extreme Gradient Boosting Imported successfully
2024-12-30 06:27:18,245:INFO:Starting cross validation
2024-12-30 06:27:18,249:INFO:Cross validating with KFold(n_splits=10, random_state=None, shuffle=False), n_jobs=-1
2024-12-30 06:27:20,475:INFO:Calculating mean and std
2024-12-30 06:27:20,487:INFO:Creating metrics dataframe
2024-12-30 06:27:20,497:INFO:Uploading results into container
2024-12-30 06:27:20,501:INFO:Uploading model into container now
2024-12-30 06:27:20,506:INFO:_master_model_container: 17
2024-12-30 06:27:20,506:INFO:_display_container: 2
2024-12-30 06:27:20,508:INFO:XGBRegressor(base_score=None, booster='gbtree', callbacks=None,
             colsample_bylevel=None, colsample_bynode=None,
             colsample_bytree=None, device='cpu', early_stopping_rounds=None,
             enable_categorical=False, eval_metric=None, feature_types=None,
             gamma=None, grow_policy=None, importance_type=None,
             interaction_constraints=None, learning_rate=None, max_bin=None,
             max_cat_threshold=None, max_cat_to_onehot=None,
             max_delta_step=None, max_depth=None, max_leaves=None,
             min_child_weight=None, missing=nan, monotone_constraints=None,
             multi_strategy=None, n_estimators=None, n_jobs=-1,
             num_parallel_tree=None, random_state=7402, ...)
2024-12-30 06:27:20,508:INFO:create_model() successfully completed......................................
2024-12-30 06:27:20,857:INFO:SubProcess create_model() end ==================================
2024-12-30 06:27:20,858:INFO:Creating metrics dataframe
2024-12-30 06:27:20,878:INFO:Initializing Light Gradient Boosting Machine
2024-12-30 06:27:20,878:INFO:Total runtime is 0.9656367937723797 minutes
2024-12-30 06:27:20,898:INFO:SubProcess create_model() called ==================================
2024-12-30 06:27:20,899:INFO:Initializing create_model()
2024-12-30 06:27:20,899:INFO:create_model(self=<pycaret.regression.oop.RegressionExperiment object at 0x78dfc2330760>, estimator=lightgbm, fold=KFold(n_splits=10, random_state=None, shuffle=False), round=4, cross_validation=True, predict=True, fit_kwargs={}, groups=None, refit=False, probability_threshold=None, experiment_custom_tags=None, verbose=False, system=False, add_to_model_list=True, metrics=None, display=<pycaret.internal.display.display.CommonDisplay object at 0x78dfbd9999f0>, model_only=True, return_train_score=False, error_score=0.0, kwargs={})
2024-12-30 06:27:20,899:INFO:Checking exceptions
2024-12-30 06:27:20,899:INFO:Importing libraries
2024-12-30 06:27:20,899:INFO:Copying training dataset
2024-12-30 06:27:20,909:INFO:Defining folds
2024-12-30 06:27:20,909:INFO:Declaring metric variables
2024-12-30 06:27:20,924:INFO:Importing untrained model
2024-12-30 06:27:20,940:INFO:Light Gradient Boosting Machine Imported successfully
2024-12-30 06:27:20,977:INFO:Starting cross validation
2024-12-30 06:27:20,980:INFO:Cross validating with KFold(n_splits=10, random_state=None, shuffle=False), n_jobs=-1
2024-12-30 06:27:26,614:INFO:Calculating mean and std
2024-12-30 06:27:26,631:INFO:Creating metrics dataframe
2024-12-30 06:27:26,643:INFO:Uploading results into container
2024-12-30 06:27:26,644:INFO:Uploading model into container now
2024-12-30 06:27:26,645:INFO:_master_model_container: 18
2024-12-30 06:27:26,645:INFO:_display_container: 2
2024-12-30 06:27:26,646:INFO:LGBMRegressor(n_jobs=-1, random_state=7402)
2024-12-30 06:27:26,646:INFO:create_model() successfully completed......................................
2024-12-30 06:27:26,991:INFO:SubProcess create_model() end ==================================
2024-12-30 06:27:26,991:INFO:Creating metrics dataframe
2024-12-30 06:27:27,007:INFO:Initializing Dummy Regressor
2024-12-30 06:27:27,008:INFO:Total runtime is 1.067796556154887 minutes
2024-12-30 06:27:27,026:INFO:SubProcess create_model() called ==================================
2024-12-30 06:27:27,027:INFO:Initializing create_model()
2024-12-30 06:27:27,028:INFO:create_model(self=<pycaret.regression.oop.RegressionExperiment object at 0x78dfc2330760>, estimator=dummy, fold=KFold(n_splits=10, random_state=None, shuffle=False), round=4, cross_validation=True, predict=True, fit_kwargs={}, groups=None, refit=False, probability_threshold=None, experiment_custom_tags=None, verbose=False, system=False, add_to_model_list=True, metrics=None, display=<pycaret.internal.display.display.CommonDisplay object at 0x78dfbd9999f0>, model_only=True, return_train_score=False, error_score=0.0, kwargs={})
2024-12-30 06:27:27,029:INFO:Checking exceptions
2024-12-30 06:27:27,029:INFO:Importing libraries
2024-12-30 06:27:27,029:INFO:Copying training dataset
2024-12-30 06:27:27,038:INFO:Defining folds
2024-12-30 06:27:27,039:INFO:Declaring metric variables
2024-12-30 06:27:27,058:INFO:Importing untrained model
2024-12-30 06:27:27,072:INFO:Dummy Regressor Imported successfully
2024-12-30 06:27:27,101:INFO:Starting cross validation
2024-12-30 06:27:27,105:INFO:Cross validating with KFold(n_splits=10, random_state=None, shuffle=False), n_jobs=-1
2024-12-30 06:27:28,067:INFO:Calculating mean and std
2024-12-30 06:27:28,079:INFO:Creating metrics dataframe
2024-12-30 06:27:28,087:INFO:Uploading results into container
2024-12-30 06:27:28,089:INFO:Uploading model into container now
2024-12-30 06:27:28,091:INFO:_master_model_container: 19
2024-12-30 06:27:28,091:INFO:_display_container: 2
2024-12-30 06:27:28,093:INFO:DummyRegressor()
2024-12-30 06:27:28,094:INFO:create_model() successfully completed......................................
2024-12-30 06:27:28,456:INFO:SubProcess create_model() end ==================================
2024-12-30 06:27:28,456:INFO:Creating metrics dataframe
2024-12-30 06:27:28,490:WARNING:/usr/local/lib/python3.10/dist-packages/pycaret/internal/pycaret_experiment/supervised_experiment.py:323: FutureWarning: Styler.applymap has been deprecated. Use Styler.map instead.
  master_display_.apply(

2024-12-30 06:27:28,531:INFO:Initializing create_model()
2024-12-30 06:27:28,531:INFO:create_model(self=<pycaret.regression.oop.RegressionExperiment object at 0x78dfc2330760>, estimator=GradientBoostingRegressor(random_state=7402), fold=KFold(n_splits=10, random_state=None, shuffle=False), round=4, cross_validation=False, predict=False, fit_kwargs={}, groups=None, refit=True, probability_threshold=None, experiment_custom_tags=None, verbose=False, system=False, add_to_model_list=True, metrics=None, display=None, model_only=True, return_train_score=False, error_score=0.0, kwargs={})
2024-12-30 06:27:28,531:INFO:Checking exceptions
2024-12-30 06:27:28,535:INFO:Importing libraries
2024-12-30 06:27:28,536:INFO:Copying training dataset
2024-12-30 06:27:28,544:INFO:Defining folds
2024-12-30 06:27:28,545:INFO:Declaring metric variables
2024-12-30 06:27:28,545:INFO:Importing untrained model
2024-12-30 06:27:28,545:INFO:Declaring custom model
2024-12-30 06:27:28,547:INFO:Gradient Boosting Regressor Imported successfully
2024-12-30 06:27:28,550:INFO:Cross validation set to False
2024-12-30 06:27:28,550:INFO:Fitting Model
2024-12-30 06:27:28,973:INFO:GradientBoostingRegressor(random_state=7402)
2024-12-30 06:27:28,974:INFO:create_model() successfully completed......................................
2024-12-30 06:27:29,413:INFO:_master_model_container: 19
2024-12-30 06:27:29,413:INFO:_display_container: 2
2024-12-30 06:27:29,414:INFO:GradientBoostingRegressor(random_state=7402)
2024-12-30 06:27:29,414:INFO:compare_models() successfully completed......................................
2024-12-30 06:27:29,436:INFO:Initializing create_model()
2024-12-30 06:27:29,436:INFO:create_model(self=<pycaret.regression.oop.RegressionExperiment object at 0x78dfc2330760>, estimator=gbr, fold=10, round=4, cross_validation=True, predict=True, fit_kwargs=None, groups=None, refit=True, probability_threshold=None, experiment_custom_tags=None, verbose=True, system=True, add_to_model_list=True, metrics=None, display=None, model_only=True, return_train_score=False, error_score=0.0, kwargs={})
2024-12-30 06:27:29,436:INFO:Checking exceptions
2024-12-30 06:27:29,491:INFO:Importing libraries
2024-12-30 06:27:29,492:INFO:Copying training dataset
2024-12-30 06:27:29,503:INFO:Defining folds
2024-12-30 06:27:29,503:INFO:Declaring metric variables
2024-12-30 06:27:29,520:INFO:Importing untrained model
2024-12-30 06:27:29,543:INFO:Gradient Boosting Regressor Imported successfully
2024-12-30 06:27:29,583:INFO:Starting cross validation
2024-12-30 06:27:29,587:INFO:Cross validating with KFold(n_splits=10, random_state=None, shuffle=False), n_jobs=-1
2024-12-30 06:27:33,417:INFO:Calculating mean and std
2024-12-30 06:27:33,423:INFO:Creating metrics dataframe
2024-12-30 06:27:33,449:INFO:Finalizing model
2024-12-30 06:27:33,859:INFO:Uploading results into container
2024-12-30 06:27:33,862:INFO:Uploading model into container now
2024-12-30 06:27:33,893:INFO:_master_model_container: 20
2024-12-30 06:27:33,893:INFO:_display_container: 3
2024-12-30 06:27:33,894:INFO:GradientBoostingRegressor(random_state=7402)
2024-12-30 06:27:33,894:INFO:create_model() successfully completed......................................
2024-12-30 06:27:34,185:INFO:Initializing tune_model()
2024-12-30 06:27:34,185:INFO:tune_model(estimator=GradientBoostingRegressor(random_state=7402), fold=10, round=4, n_iter=30, custom_grid={'learning_rate': [0.01, 0.02, 0.05], 'max_depth': [1, 2, 3, 4, 5, 6, 7, 8], 'subsample': [0.4, 0.5, 0.6, 0.7, 0.8], 'n_estimators': [100, 200.3, 400, 500, 600]}, optimize=RMSE, custom_scorer=None, search_library=scikit-learn, search_algorithm=None, early_stopping=False, early_stopping_max_iters=10, choose_better=True, fit_kwargs=None, groups=None, return_tuner=False, verbose=True, tuner_verbose=True, return_train_score=False, kwargs={}, self=<pycaret.regression.oop.RegressionExperiment object at 0x78dfc2330760>)
2024-12-30 06:27:34,185:INFO:Checking exceptions
2024-12-30 06:27:34,242:INFO:Copying training dataset
2024-12-30 06:27:34,254:INFO:Checking base model
2024-12-30 06:27:34,255:INFO:Base model : Gradient Boosting Regressor
2024-12-30 06:27:34,276:INFO:Declaring metric variables
2024-12-30 06:27:34,294:INFO:Defining Hyperparameters
2024-12-30 06:27:34,566:INFO:custom_grid: {'actual_estimator__learning_rate': [0.01, 0.02, 0.05], 'actual_estimator__max_depth': [1, 2, 3, 4, 5, 6, 7, 8], 'actual_estimator__subsample': [0.4, 0.5, 0.6, 0.7, 0.8], 'actual_estimator__n_estimators': [100, 200.3, 400, 500, 600]}
2024-12-30 06:27:34,567:INFO:Tuning with n_jobs=-1
2024-12-30 06:27:34,567:INFO:Initializing RandomizedSearchCV
2024-12-30 06:31:14,749:WARNING:/usr/local/lib/python3.10/dist-packages/sklearn/model_selection/_validation.py:547: FitFailedWarning: 
20 fits failed out of a total of 300.
The score on these train-test partitions for these parameters will be set to nan.
If these failures are not expected, you can try to debug them by setting error_score='raise'.

Below are more details about the failures:
--------------------------------------------------------------------------------
20 fits failed with the following error:
Traceback (most recent call last):
  File "/usr/local/lib/python3.10/dist-packages/sklearn/model_selection/_validation.py", line 895, in _fit_and_score
    estimator.fit(X_train, y_train, **fit_params)
  File "/usr/local/lib/python3.10/dist-packages/pycaret/internal/pipeline.py", line 278, in fit
    fitted_estimator = self._memory_fit(
  File "/usr/local/lib/python3.10/dist-packages/joblib/memory.py", line 353, in __call__
    return self.func(*args, **kwargs)
  File "/usr/local/lib/python3.10/dist-packages/pycaret/internal/pipeline.py", line 69, in _fit_one
    transformer.fit(*args)
  File "/usr/local/lib/python3.10/dist-packages/sklearn/base.py", line 1467, in wrapper
    estimator._validate_params()
  File "/usr/local/lib/python3.10/dist-packages/sklearn/base.py", line 666, in _validate_params
    validate_parameter_constraints(
  File "/usr/local/lib/python3.10/dist-packages/sklearn/utils/_param_validation.py", line 95, in validate_parameter_constraints
    raise InvalidParameterError(
sklearn.utils._param_validation.InvalidParameterError: The 'n_estimators' parameter of GradientBoostingRegressor must be an int in the range [1, inf). Got 200.3 instead.

  warnings.warn(some_fits_failed_message, FitFailedWarning)

2024-12-30 06:31:14,754:WARNING:/usr/local/lib/python3.10/dist-packages/sklearn/model_selection/_search.py:1051: UserWarning: One or more of the test scores are non-finite: [           nan -4916.52778166 -5312.0231356  -6394.97581321
 -5351.28488377 -5395.40579197 -4769.33932731 -6225.48979588
 -5403.07617788            nan -6073.46127404 -5517.11446136
 -6072.10631081 -5167.61027957 -5168.74513543 -4607.25550819
 -5134.87597095 -6146.96286277 -5469.19916411 -5485.18947275
 -5029.66439005 -5046.33740892 -5030.35333804 -5260.50323551
 -5239.19216859 -4816.06168187 -4841.46459141 -4863.94866183
 -4869.31466028 -6144.9893605 ]
  warnings.warn(

2024-12-30 06:31:14,757:INFO:best_params: {'actual_estimator__subsample': 0.4, 'actual_estimator__n_estimators': 400, 'actual_estimator__max_depth': 3, 'actual_estimator__learning_rate': 0.01}
2024-12-30 06:31:14,759:INFO:Hyperparameter search completed
2024-12-30 06:31:14,761:INFO:SubProcess create_model() called ==================================
2024-12-30 06:31:14,762:INFO:Initializing create_model()
2024-12-30 06:31:14,762:INFO:create_model(self=<pycaret.regression.oop.RegressionExperiment object at 0x78dfc2330760>, estimator=GradientBoostingRegressor(random_state=7402), fold=KFold(n_splits=10, random_state=None, shuffle=False), round=4, cross_validation=True, predict=True, fit_kwargs={}, groups=None, refit=True, probability_threshold=None, experiment_custom_tags=None, verbose=True, system=False, add_to_model_list=True, metrics=None, display=<pycaret.internal.display.display.CommonDisplay object at 0x78dfcd50dba0>, model_only=True, return_train_score=False, error_score=0.0, kwargs={'subsample': 0.4, 'n_estimators': 400, 'max_depth': 3, 'learning_rate': 0.01})
2024-12-30 06:31:14,762:INFO:Checking exceptions
2024-12-30 06:31:14,762:INFO:Importing libraries
2024-12-30 06:31:14,762:INFO:Copying training dataset
2024-12-30 06:31:14,774:INFO:Defining folds
2024-12-30 06:31:14,775:INFO:Declaring metric variables
2024-12-30 06:31:14,792:INFO:Importing untrained model
2024-12-30 06:31:14,792:INFO:Declaring custom model
2024-12-30 06:31:14,816:INFO:Gradient Boosting Regressor Imported successfully
2024-12-30 06:31:14,862:INFO:Starting cross validation
2024-12-30 06:31:14,866:INFO:Cross validating with KFold(n_splits=10, random_state=None, shuffle=False), n_jobs=-1
2024-12-30 06:31:21,191:INFO:Calculating mean and std
2024-12-30 06:31:21,193:INFO:Creating metrics dataframe
2024-12-30 06:31:21,214:INFO:Finalizing model
2024-12-30 06:31:21,837:INFO:Uploading results into container
2024-12-30 06:31:21,840:INFO:Uploading model into container now
2024-12-30 06:31:21,841:INFO:_master_model_container: 21
2024-12-30 06:31:21,841:INFO:_display_container: 4
2024-12-30 06:31:21,842:INFO:GradientBoostingRegressor(learning_rate=0.01, n_estimators=400,
                          random_state=7402, subsample=0.4)
2024-12-30 06:31:21,842:INFO:create_model() successfully completed......................................
2024-12-30 06:31:22,134:INFO:SubProcess create_model() end ==================================
2024-12-30 06:31:22,134:INFO:choose_better activated
2024-12-30 06:31:22,147:INFO:SubProcess create_model() called ==================================
2024-12-30 06:31:22,149:INFO:Initializing create_model()
2024-12-30 06:31:22,149:INFO:create_model(self=<pycaret.regression.oop.RegressionExperiment object at 0x78dfc2330760>, estimator=GradientBoostingRegressor(random_state=7402), fold=KFold(n_splits=10, random_state=None, shuffle=False), round=4, cross_validation=True, predict=True, fit_kwargs={}, groups=None, refit=True, probability_threshold=None, experiment_custom_tags=None, verbose=False, system=False, add_to_model_list=True, metrics=None, display=None, model_only=True, return_train_score=False, error_score=0.0, kwargs={})
2024-12-30 06:31:22,149:INFO:Checking exceptions
2024-12-30 06:31:22,154:INFO:Importing libraries
2024-12-30 06:31:22,154:INFO:Copying training dataset
2024-12-30 06:31:22,161:INFO:Defining folds
2024-12-30 06:31:22,161:INFO:Declaring metric variables
2024-12-30 06:31:22,162:INFO:Importing untrained model
2024-12-30 06:31:22,162:INFO:Declaring custom model
2024-12-30 06:31:22,163:INFO:Gradient Boosting Regressor Imported successfully
2024-12-30 06:31:22,163:INFO:Starting cross validation
2024-12-30 06:31:22,165:INFO:Cross validating with KFold(n_splits=10, random_state=None, shuffle=False), n_jobs=-1
2024-12-30 06:31:24,150:INFO:Calculating mean and std
2024-12-30 06:31:24,151:INFO:Creating metrics dataframe
2024-12-30 06:31:24,154:INFO:Finalizing model
2024-12-30 06:31:24,396:INFO:Uploading results into container
2024-12-30 06:31:24,397:INFO:Uploading model into container now
2024-12-30 06:31:24,398:INFO:_master_model_container: 22
2024-12-30 06:31:24,398:INFO:_display_container: 5
2024-12-30 06:31:24,399:INFO:GradientBoostingRegressor(random_state=7402)
2024-12-30 06:31:24,399:INFO:create_model() successfully completed......................................
2024-12-30 06:31:24,672:INFO:SubProcess create_model() end ==================================
2024-12-30 06:31:24,674:INFO:GradientBoostingRegressor(random_state=7402) result for RMSE is 4751.9657
2024-12-30 06:31:24,675:INFO:GradientBoostingRegressor(learning_rate=0.01, n_estimators=400,
                          random_state=7402, subsample=0.4) result for RMSE is 4607.2555
2024-12-30 06:31:24,676:INFO:GradientBoostingRegressor(learning_rate=0.01, n_estimators=400,
                          random_state=7402, subsample=0.4) is best model
2024-12-30 06:31:24,676:INFO:choose_better completed
2024-12-30 06:31:24,704:INFO:_master_model_container: 22
2024-12-30 06:31:24,704:INFO:_display_container: 4
2024-12-30 06:31:24,706:INFO:GradientBoostingRegressor(learning_rate=0.01, n_estimators=400,
                          random_state=7402, subsample=0.4)
2024-12-30 06:31:24,706:INFO:tune_model() successfully completed......................................
2024-12-30 06:31:24,977:INFO:Initializing predict_model()
2024-12-30 06:31:24,977:INFO:predict_model(self=<pycaret.regression.oop.RegressionExperiment object at 0x78dfc2330760>, estimator=GradientBoostingRegressor(random_state=7402), probability_threshold=None, encoded_labels=False, raw_score=False, round=4, verbose=True, ml_usecase=None, preprocess=True, encode_labels=<function _SupervisedExperiment.predict_model.<locals>.encode_labels at 0x78dfc7793130>)
2024-12-30 06:31:24,978:INFO:Checking exceptions
2024-12-30 06:31:24,978:INFO:Preloading libraries
2024-12-30 06:31:25,163:WARNING:/usr/local/lib/python3.10/dist-packages/sklearn/metrics/_regression.py:483: FutureWarning: 'squared' is deprecated in version 1.4 and will be removed in 1.6. To calculate the root mean squared error, use the function'root_mean_squared_error'.
  warnings.warn(

2024-12-30 06:31:25,495:INFO:Initializing evaluate_model()
2024-12-30 06:31:25,495:INFO:evaluate_model(self=<pycaret.regression.oop.RegressionExperiment object at 0x78dfc2330760>, estimator=GradientBoostingRegressor(random_state=7402), fold=None, fit_kwargs=None, plot_kwargs=None, feature_name=None, groups=None)
2024-12-30 06:31:25,546:INFO:Initializing plot_model()
2024-12-30 06:31:25,546:INFO:plot_model(plot=pipeline, fold=KFold(n_splits=10, random_state=None, shuffle=False), verbose=False, display=None, display_format=None, estimator=GradientBoostingRegressor(random_state=7402), feature_name=None, fit_kwargs={}, groups=None, label=False, plot_kwargs=None, save=False, scale=1, self=<pycaret.regression.oop.RegressionExperiment object at 0x78dfc2330760>, system=True)
2024-12-30 06:31:25,547:INFO:Checking exceptions
2024-12-30 06:31:25,552:INFO:Preloading libraries
2024-12-30 06:31:25,562:INFO:Copying training dataset
2024-12-30 06:31:25,562:INFO:Plot type: pipeline
2024-12-30 06:31:25,877:INFO:Visual Rendered Successfully
2024-12-30 06:31:26,170:INFO:plot_model() successfully completed......................................
2024-12-30 06:31:26,199:INFO:Initializing finalize_model()
2024-12-30 06:31:26,199:INFO:finalize_model(self=<pycaret.regression.oop.RegressionExperiment object at 0x78dfc2330760>, estimator=GradientBoostingRegressor(random_state=7402), fit_kwargs=None, groups=None, model_only=False, experiment_custom_tags=None)
2024-12-30 06:31:26,200:INFO:Finalizing GradientBoostingRegressor(random_state=7402)
2024-12-30 06:31:26,205:INFO:Initializing create_model()
2024-12-30 06:31:26,206:INFO:create_model(self=<pycaret.regression.oop.RegressionExperiment object at 0x78dfc2330760>, estimator=GradientBoostingRegressor(random_state=7402), fold=None, round=4, cross_validation=False, predict=False, fit_kwargs={}, groups=None, refit=True, probability_threshold=None, experiment_custom_tags=None, verbose=False, system=False, add_to_model_list=False, metrics=None, display=None, model_only=False, return_train_score=False, error_score=0.0, kwargs={})
2024-12-30 06:31:26,206:INFO:Checking exceptions
2024-12-30 06:31:26,209:INFO:Importing libraries
2024-12-30 06:31:26,209:INFO:Copying training dataset
2024-12-30 06:31:26,210:INFO:Defining folds
2024-12-30 06:31:26,210:INFO:Declaring metric variables
2024-12-30 06:31:26,210:INFO:Importing untrained model
2024-12-30 06:31:26,210:INFO:Declaring custom model
2024-12-30 06:31:26,211:INFO:Gradient Boosting Regressor Imported successfully
2024-12-30 06:31:26,213:INFO:Cross validation set to False
2024-12-30 06:31:26,213:INFO:Fitting Model
2024-12-30 06:31:26,537:INFO:Pipeline(memory=Memory(location=None),
         steps=[('numerical_imputer',
                 TransformerWrapper(include=['age', 'bmi', 'children'],
                                    transformer=SimpleImputer())),
                ('categorical_imputer',
                 TransformerWrapper(include=['sex', 'smoker', 'region'],
                                    transformer=SimpleImputer(strategy='most_frequent'))),
                ('ordinal_encoding',
                 TransformerWrapper(include=['sex', 'smoker'],
                                    transfor...
                                                                        {'col': 'smoker',
                                                                         'data_type': dtype('O'),
                                                                         'mapping': no     0
yes    1
NaN   -1
dtype: int64}]))),
                ('onehot_encoding',
                 TransformerWrapper(include=['region'],
                                    transformer=OneHotEncoder(cols=['region'],
                                                              handle_missing='return_nan',
                                                              use_cat_names=True))),
                ('normalize', TransformerWrapper(transformer=StandardScaler())),
                ('actual_estimator',
                 GradientBoostingRegressor(random_state=7402))])
2024-12-30 06:31:26,537:INFO:create_model() successfully completed......................................
2024-12-30 06:31:26,825:INFO:_master_model_container: 22
2024-12-30 06:31:26,826:INFO:_display_container: 5
2024-12-30 06:31:26,872:INFO:Pipeline(memory=Memory(location=None),
         steps=[('numerical_imputer',
                 TransformerWrapper(include=['age', 'bmi', 'children'],
                                    transformer=SimpleImputer())),
                ('categorical_imputer',
                 TransformerWrapper(include=['sex', 'smoker', 'region'],
                                    transformer=SimpleImputer(strategy='most_frequent'))),
                ('ordinal_encoding',
                 TransformerWrapper(include=['sex', 'smoker'],
                                    transfor...
                                                                        {'col': 'smoker',
                                                                         'data_type': dtype('O'),
                                                                         'mapping': no     0
yes    1
NaN   -1
dtype: int64}]))),
                ('onehot_encoding',
                 TransformerWrapper(include=['region'],
                                    transformer=OneHotEncoder(cols=['region'],
                                                              handle_missing='return_nan',
                                                              use_cat_names=True))),
                ('normalize', TransformerWrapper(transformer=StandardScaler())),
                ('actual_estimator',
                 GradientBoostingRegressor(random_state=7402))])
2024-12-30 06:31:26,872:INFO:finalize_model() successfully completed......................................
2024-12-30 06:31:27,233:INFO:Initializing save_model()
2024-12-30 06:31:27,234:INFO:save_model(model=Pipeline(memory=Memory(location=None),
         steps=[('numerical_imputer',
                 TransformerWrapper(include=['age', 'bmi', 'children'],
                                    transformer=SimpleImputer())),
                ('categorical_imputer',
                 TransformerWrapper(include=['sex', 'smoker', 'region'],
                                    transformer=SimpleImputer(strategy='most_frequent'))),
                ('ordinal_encoding',
                 TransformerWrapper(include=['sex', 'smoker'],
                                    transfor...
                                                                        {'col': 'smoker',
                                                                         'data_type': dtype('O'),
                                                                         'mapping': no     0
yes    1
NaN   -1
dtype: int64}]))),
                ('onehot_encoding',
                 TransformerWrapper(include=['region'],
                                    transformer=OneHotEncoder(cols=['region'],
                                                              handle_missing='return_nan',
                                                              use_cat_names=True))),
                ('normalize', TransformerWrapper(transformer=StandardScaler())),
                ('actual_estimator',
                 GradientBoostingRegressor(random_state=7402))]), model_name=insurance_model, prep_pipe_=Pipeline(memory=FastMemory(location=/tmp/joblib),
         steps=[('numerical_imputer',
                 TransformerWrapper(include=['age', 'bmi', 'children'],
                                    transformer=SimpleImputer())),
                ('categorical_imputer',
                 TransformerWrapper(include=['sex', 'smoker', 'region'],
                                    transformer=SimpleImputer(strategy='most_frequent'))),
                ('ordinal_encoding',
                 TransformerWrapper(include=['sex', 'smoker...
                                                                         'data_type': dtype('O'),
                                                                         'mapping': female    0
male      1
NaN      -1
dtype: int64},
                                                                        {'col': 'smoker',
                                                                         'data_type': dtype('O'),
                                                                         'mapping': no     0
yes    1
NaN   -1
dtype: int64}]))),
                ('onehot_encoding',
                 TransformerWrapper(include=['region'],
                                    transformer=OneHotEncoder(cols=['region'],
                                                              handle_missing='return_nan',
                                                              use_cat_names=True))),
                ('normalize',
                 TransformerWrapper(transformer=StandardScaler()))]), verbose=True, use_case=MLUsecase.REGRESSION, kwargs={})
2024-12-30 06:31:27,234:INFO:Adding model into prep_pipe
2024-12-30 06:31:27,234:WARNING:Only Model saved as it was a pipeline.
2024-12-30 06:31:27,255:INFO:insurance_model.pkl saved in current working directory
2024-12-30 06:31:27,299:INFO:Pipeline(memory=Memory(location=None),
         steps=[('numerical_imputer',
                 TransformerWrapper(include=['age', 'bmi', 'children'],
                                    transformer=SimpleImputer())),
                ('categorical_imputer',
                 TransformerWrapper(include=['sex', 'smoker', 'region'],
                                    transformer=SimpleImputer(strategy='most_frequent'))),
                ('ordinal_encoding',
                 TransformerWrapper(include=['sex', 'smoker'],
                                    transfor...
                                                                        {'col': 'smoker',
                                                                         'data_type': dtype('O'),
                                                                         'mapping': no     0
yes    1
NaN   -1
dtype: int64}]))),
                ('onehot_encoding',
                 TransformerWrapper(include=['region'],
                                    transformer=OneHotEncoder(cols=['region'],
                                                              handle_missing='return_nan',
                                                              use_cat_names=True))),
                ('normalize', TransformerWrapper(transformer=StandardScaler())),
                ('actual_estimator',
                 GradientBoostingRegressor(random_state=7402))])
2024-12-30 06:31:27,299:INFO:save_model() successfully completed......................................
